<?xml version="1.0" encoding="UTF-8"?>
<!-- Generated by org.testng.reporters.JUnitReportReporter -->
<testsuite skipped="0" hostname="surface-pro" name="Test.Demo" tests="1" failures="0" timestamp="25 Jul 2019 08:32:38 GMT" time="0.022" errors="0">
  <testcase name="Test" time="0.022" classname="Test.Demo"/>
</testsuite> <!-- Test.Demo -->
